Using pre-set license
Built from '2021.3/staging' branch; Version is '2021.3.1f1 (3b70a0754835) revision 3895456'; Using compiler version '192829333'; Build Type 'Release'
OS: 'Windows 10  (10.0.19043) 64bit Core' Language: 'ko' Physical Memory: 8106 MB
BatchMode: 1, IsHumanControllingUs: 0, StartBugReporterOnCrash: 0, Is64bit: 1, IsPro: 1

COMMAND LINE ARGUMENTS:
D:\Unity Editor\2021.3.1f1\Editor\Unity.exe
-adb2
-batchMode
-noUpm
-name
AssetImportWorker0
-projectPath
C:/Users/USER/Desktop/UnityGame/2022.05.16학술회
-logFile
Logs/AssetImportWorker0.log
-srvPort
54076
Successfully changed project path to: C:/Users/USER/Desktop/UnityGame/2022.05.16학술회
C:/Users/USER/Desktop/UnityGame/2022.05.16학술회
[UnityMemory] Configuration Parameters - Can be set up in boot.config
    "memorysetup-bucket-allocator-granularity=16"
    "memorysetup-bucket-allocator-bucket-count=8"
    "memorysetup-bucket-allocator-block-size=33554432"
    "memorysetup-bucket-allocator-block-count=8"
    "memorysetup-main-allocator-block-size=16777216"
    "memorysetup-thread-allocator-block-size=16777216"
    "memorysetup-gfx-main-allocator-block-size=16777216"
    "memorysetup-gfx-thread-allocator-block-size=16777216"
    "memorysetup-cache-allocator-block-size=4194304"
    "memorysetup-typetree-allocator-block-size=2097152"
    "memorysetup-profiler-bucket-allocator-granularity=16"
    "memorysetup-profiler-bucket-allocator-bucket-count=8"
    "memorysetup-profiler-bucket-allocator-block-size=33554432"
    "memorysetup-profiler-bucket-allocator-block-count=8"
    "memorysetup-profiler-allocator-block-size=16777216"
    "memorysetup-profiler-editor-allocator-block-size=1048576"
    "memorysetup-temp-allocator-size-main=16777216"
    "memorysetup-job-temp-allocator-block-size=2097152"
    "memorysetup-job-temp-allocator-block-size-background=1048576"
    "memorysetup-job-temp-allocator-reduction-small-platforms=262144"
    "memorysetup-temp-allocator-size-background-worker=32768"
    "memorysetup-temp-allocator-size-job-worker=262144"
    "memorysetup-temp-allocator-size-preload-manager=33554432"
    "memorysetup-temp-allocator-size-nav-mesh-worker=65536"
    "memorysetup-temp-allocator-size-audio-worker=65536"
    "memorysetup-temp-allocator-size-cloud-worker=32768"
    "memorysetup-temp-allocator-size-gi-baking-worker=262144"
    "memorysetup-temp-allocator-size-gfx=262144"
Refreshing native plugins compatible for Editor in 41.80 ms, found 2 plugins.
Preloading 0 native plugins for Editor in 0.00 ms.
Initialize engine version: 2021.3.1f1 (3b70a0754835)
[Subsystems] Discovering subsystems at path D:/Unity Editor/2021.3.1f1/Editor/Data/Resources/UnitySubsystems
[Subsystems] Discovering subsystems at path C:/Users/USER/Desktop/UnityGame/2022.05.16학술회/Assets
GfxDevice: creating device client; threaded=0; jobified=0
Direct3D:
    Version:  Direct3D 11.0 [level 11.1]
    Renderer: Intel(R) HD Graphics 620 (ID=0x5916)
    Vendor:   Intel
    VRAM:     4053 MB
    Driver:   27.20.100.8730
Initialize mono
Mono path[0] = 'D:/Unity Editor/2021.3.1f1/Editor/Data/Managed'
Mono path[1] = 'D:/Unity Editor/2021.3.1f1/Editor/Data/MonoBleedingEdge/lib/mono/unityjit-win32'
Mono config path = 'D:/Unity Editor/2021.3.1f1/Editor/Data/MonoBleedingEdge/etc'
Using monoOptions --debugger-agent=transport=dt_socket,embedding=1,server=y,suspend=n,address=127.0.0.1:56888
Begin MonoManager ReloadAssembly
Registering precompiled unity dll's ...
Register platform support module: D:/Unity Editor/2021.3.1f1/Editor/Data/PlaybackEngines/WindowsStandaloneSupport/UnityEditor.WindowsStandalone.Extensions.dll
Registered in 0.161426 seconds.
Native extension for WindowsStandalone target not found
Refreshing native plugins compatible for Editor in 40.92 ms, found 2 plugins.
Preloading 0 native plugins for Editor in 0.00 ms.
Mono: successfully reloaded assembly
- Completed reload, in  7.186 seconds
Domain Reload Profiling:
	ReloadAssembly (7187ms)
		BeginReloadAssembly (6326ms)
			ExecutionOrderSort (0ms)
			DisableScriptedObjects (0ms)
			BackupInstance (0ms)
			ReleaseScriptingObjects (0ms)
			CreateAndSetChildDomain (2ms)
		EndReloadAssembly (554ms)
			LoadAssemblies (6320ms)
			RebuildTransferFunctionScriptingTraits (0ms)
			SetupTypeCache (137ms)
			ReleaseScriptCaches (0ms)
			RebuildScriptCaches (44ms)
			SetupLoadedEditorAssemblies (304ms)
				LogAssemblyErrors (0ms)
				InitializePlatformSupportModulesInManaged (11ms)
				SetLoadedEditorAssemblies (0ms)
				RefreshPlugins (41ms)
				BeforeProcessingInitializeOnLoad (2ms)
				ProcessInitializeOnLoadAttributes (179ms)
				ProcessInitializeOnLoadMethodAttributes (71ms)
				AfterProcessingInitializeOnLoad (0ms)
				EditorAssembliesLoaded (0ms)
			ExecutionOrderSort2 (0ms)
			AwakeInstancesAfterBackupRestoration (0ms)
Platform modules already initialized, skipping
Registering precompiled user dll's ...
Registered in 0.005172 seconds.
Begin MonoManager ReloadAssembly
Symbol file LoadedFromMemory is not a mono symbol file
Native extension for WindowsStandalone target not found
Refreshing native plugins compatible for Editor in 0.57 ms, found 2 plugins.
Preloading 0 native plugins for Editor in 0.00 ms.
Mono: successfully reloaded assembly
- Completed reload, in  3.172 seconds
Domain Reload Profiling:
	ReloadAssembly (3173ms)
		BeginReloadAssembly (221ms)
			ExecutionOrderSort (0ms)
			DisableScriptedObjects (15ms)
			BackupInstance (0ms)
			ReleaseScriptingObjects (0ms)
			CreateAndSetChildDomain (24ms)
		EndReloadAssembly (2315ms)
			LoadAssemblies (265ms)
			RebuildTransferFunctionScriptingTraits (0ms)
			SetupTypeCache (238ms)
			ReleaseScriptCaches (0ms)
			RebuildScriptCaches (67ms)
			SetupLoadedEditorAssemblies (1737ms)
				LogAssemblyErrors (0ms)
				InitializePlatformSupportModulesInManaged (9ms)
				SetLoadedEditorAssemblies (1ms)
				RefreshPlugins (1ms)
				BeforeProcessingInitializeOnLoad (68ms)
				ProcessInitializeOnLoadAttributes (294ms)
				ProcessInitializeOnLoadMethodAttributes (1354ms)
				AfterProcessingInitializeOnLoad (11ms)
				EditorAssembliesLoaded (0ms)
			ExecutionOrderSort2 (0ms)
			AwakeInstancesAfterBackupRestoration (16ms)
Platform modules already initialized, skipping
========================================================================
Worker process is ready to serve import requests
Launched and connected shader compiler UnityShaderCompiler.exe after 0.14 seconds
Refreshing native plugins compatible for Editor in 4.22 ms, found 2 plugins.
Preloading 0 native plugins for Editor in 0.00 ms.
Unloading 1584 Unused Serialized files (Serialized files now loaded: 0)
Unloading 16 unused Assets / (56.0 KB). Loaded Objects now: 2072.
Memory consumption went from 85.6 MB to 85.6 MB.
Total: 4.914800 ms (FindLiveObjects: 0.220200 ms CreateObjectMapping: 0.091600 ms MarkObjects: 4.327900 ms  DeleteObjects: 0.273500 ms)

AssetImportParameters requested are different than current active one (requested -> active):
  custom:video-decoder-ogg-theora: a1e56fd34408186e4bbccfd4996cb3dc -> 
  custom:container-muxer-webm: aa71ff27fc2769a1b78a27578f13a17b -> 
  custom:container-demuxer-webm: 4f35f7cbe854078d1ac9338744f61a02 -> 
  custom:video-encoder-webm-vp8: eb34c28f22e8b96e1ab97ce403110664 -> 
  custom:audio-encoder-webm-vorbis: bf7c407c2cedff20999df2af8eb42d56 -> 
  custom:framework-win-MediaFoundation: 216162199b28c13a410421893ffa2e32 -> 
  custom:container-demuxer-ogg: 62fdf1f143b41e24485cea50d1cbac27 -> 
  custom:video-decoder-webm-vp8: 9c59270c3fd7afecdb556c50c9e8de78 -> 
  custom:audio-decoder-ogg-vorbis: bf7c407c2cedff20999df2af8eb42d56 -> 
========================================================================
Received Import Request.
  Time since last request: 427244.611488 seconds.
  path: Assets/Fantasy Skybox FREE/Cubemaps/Classic/FS000_Day_04_Sunless.mat
  artifactKey: Guid(e1ec0e2320d2d4fb9a393769378ce0a1) Importer(815301076,1909f56bfc062723c751e8b465ee728b)
Start importing Assets/Fantasy Skybox FREE/Cubemaps/Classic/FS000_Day_04_Sunless.mat using Guid(e1ec0e2320d2d4fb9a393769378ce0a1) Importer(815301076,1909f56bfc062723c751e8b465ee728b)  -> (artifact id: '2e67fbb3248d0e4fd444a3c47751295c') in 0.245813 seconds 
========================================================================
Received Import Request.
  Time since last request: 0.001288 seconds.
  path: Assets/Fantasy Skybox FREE/Cubemaps/Classic/FS000_Day_06_Sunless.mat
  artifactKey: Guid(5c8d5031ce45e4962818ca2b5426a8cf) Importer(815301076,1909f56bfc062723c751e8b465ee728b)
Start importing Assets/Fantasy Skybox FREE/Cubemaps/Classic/FS000_Day_06_Sunless.mat using Guid(5c8d5031ce45e4962818ca2b5426a8cf) Importer(815301076,1909f56bfc062723c751e8b465ee728b)  -> (artifact id: 'b907328ee9d2628178488fbf5c7b080b') in 0.043749 seconds 
========================================================================
Received Import Request.
  Time since last request: 0.000043 seconds.
  path: Assets/Fantasy Skybox FREE/Cubemaps/Classic/FS000_Day_03_Sunless.mat
  artifactKey: Guid(8f2c8ef98c47442d4b0e1896539bf7f1) Importer(815301076,1909f56bfc062723c751e8b465ee728b)
Start importing Assets/Fantasy Skybox FREE/Cubemaps/Classic/FS000_Day_03_Sunless.mat using Guid(8f2c8ef98c47442d4b0e1896539bf7f1) Importer(815301076,1909f56bfc062723c751e8b465ee728b)  -> (artifact id: '86bd61621c9bb56b43d9d43665984ec4') in 0.535971 seconds 
========================================================================
Received Import Request.
  Time since last request: 0.000031 seconds.
  path: Assets/Models/Standard Assets/Environment/SpeedTree/Broadleaf/Broadleaf_Mobile Materials/Billboard.mat
  artifactKey: Guid(8c1755df5f552e843b9f8485f72e71f8) Importer(815301076,1909f56bfc062723c751e8b465ee728b)
Start importing Assets/Models/Standard Assets/Environment/SpeedTree/Broadleaf/Broadleaf_Mobile Materials/Billboard.mat using Guid(8c1755df5f552e843b9f8485f72e71f8) Importer(815301076,1909f56bfc062723c751e8b465ee728b)  -> (artifact id: '32b104cb156ba07bf91f0d552d47b5d1') in 0.077199 seconds 
========================================================================
Received Import Request.
  Time since last request: 0.000075 seconds.
  path: Assets/Models/Standard Assets/Environment/SpeedTree/Conifer/Conifer_Desktop Materials/LOD1/Fronds_2.mat
  artifactKey: Guid(e183610e060210e44ac38d34e83c54d1) Importer(815301076,1909f56bfc062723c751e8b465ee728b)
Start importing Assets/Models/Standard Assets/Environment/SpeedTree/Conifer/Conifer_Desktop Materials/LOD1/Fronds_2.mat using Guid(e183610e060210e44ac38d34e83c54d1) Importer(815301076,1909f56bfc062723c751e8b465ee728b)  -> (artifact id: 'c2f24eee13fec2ff4e7670e88a819601') in 0.051471 seconds 
========================================================================
Received Import Request.
  Time since last request: 0.000018 seconds.
  path: Assets/Models/Standard Assets/Environment/SpeedTree/Broadleaf/Broadleaf_Mobile Materials/LOD1/Branches_0.mat
  artifactKey: Guid(1092dd21af768cb499771bf88709dbbd) Importer(815301076,1909f56bfc062723c751e8b465ee728b)
Start importing Assets/Models/Standard Assets/Environment/SpeedTree/Broadleaf/Broadleaf_Mobile Materials/LOD1/Branches_0.mat using Guid(1092dd21af768cb499771bf88709dbbd) Importer(815301076,1909f56bfc062723c751e8b465ee728b)  -> (artifact id: 'c5cbedf8f188a321ae77364a4fdd47e6') in 0.041221 seconds 
========================================================================
Received Import Request.
  Time since last request: 0.000033 seconds.
  path: Assets/Models/Standard Assets/Environment/SpeedTree/Broadleaf/Broadleaf_Desktop Materials/LOD1/Fronds_2.mat
  artifactKey: Guid(57225f817366f704fb9b710e3865030d) Importer(815301076,1909f56bfc062723c751e8b465ee728b)
Start importing Assets/Models/Standard Assets/Environment/SpeedTree/Broadleaf/Broadleaf_Desktop Materials/LOD1/Fronds_2.mat using Guid(57225f817366f704fb9b710e3865030d) Importer(815301076,1909f56bfc062723c751e8b465ee728b)  -> (artifact id: '196198d574127b821faf90df7a7d074e') in 0.038600 seconds 
========================================================================
Received Import Request.
  Time since last request: 0.000075 seconds.
  path: Assets/Fantasy Skybox FREE/Cubemaps/Classic/FS000_Night_01_Moonless.mat
  artifactKey: Guid(1065b432639a84123a07ea43fe5ba4c9) Importer(815301076,1909f56bfc062723c751e8b465ee728b)
Start importing Assets/Fantasy Skybox FREE/Cubemaps/Classic/FS000_Night_01_Moonless.mat using Guid(1065b432639a84123a07ea43fe5ba4c9) Importer(815301076,1909f56bfc062723c751e8b465ee728b)  -> (artifact id: 'b3e1eb444155619e7c90704db83cbee6') in 0.034540 seconds 
========================================================================
Received Import Request.
  Time since last request: 0.000021 seconds.
  path: Assets/Models/Standard Assets/Environment/SpeedTree/Broadleaf/Broadleaf_Desktop Materials/LOD2/Branches_1.mat
  artifactKey: Guid(639aa87a96d586c4e84838574ce20ca3) Importer(815301076,1909f56bfc062723c751e8b465ee728b)
Start importing Assets/Models/Standard Assets/Environment/SpeedTree/Broadleaf/Broadleaf_Desktop Materials/LOD2/Branches_1.mat using Guid(639aa87a96d586c4e84838574ce20ca3) Importer(815301076,1909f56bfc062723c751e8b465ee728b)  -> (artifact id: '2fea6590ab5c434f13f854814ae8e566') in 0.039960 seconds 
========================================================================
Received Import Request.
  Time since last request: 0.000038 seconds.
  path: Assets/Models/Standard Assets/Environment/SpeedTree/Palm/Palm_Desktop Materials/LOD2/Fronds_2.mat
  artifactKey: Guid(9b49c2e157c705944beb6767e25cd742) Importer(815301076,1909f56bfc062723c751e8b465ee728b)
Start importing Assets/Models/Standard Assets/Environment/SpeedTree/Palm/Palm_Desktop Materials/LOD2/Fronds_2.mat using Guid(9b49c2e157c705944beb6767e25cd742) Importer(815301076,1909f56bfc062723c751e8b465ee728b)  -> (artifact id: '928bc5ab8e22d886d2ef18c2e23d8afe') in 0.037182 seconds 
========================================================================
Received Import Request.
  Time since last request: 0.000032 seconds.
  path: Assets/Models/Standard Assets/Environment/SpeedTree/Palm/Palm_Desktop Materials/LOD1/Branches_0.mat
  artifactKey: Guid(46160e8fc1456bc4d9fb3de64ba88c31) Importer(815301076,1909f56bfc062723c751e8b465ee728b)
Start importing Assets/Models/Standard Assets/Environment/SpeedTree/Palm/Palm_Desktop Materials/LOD1/Branches_0.mat using Guid(46160e8fc1456bc4d9fb3de64ba88c31) Importer(815301076,1909f56bfc062723c751e8b465ee728b)  -> (artifact id: 'efe0a6b04355b0b12f34465818b04cff') in 0.037046 seconds 
========================================================================
Received Import Request.
  Time since last request: 0.000028 seconds.
  path: Assets/Models/Standard Assets/Environment/SpeedTree/Palm/Palm_Desktop Materials/LOD1/Fronds_2.mat
  artifactKey: Guid(654a2c1b911b36647b211a44a46e6d09) Importer(815301076,1909f56bfc062723c751e8b465ee728b)
Start importing Assets/Models/Standard Assets/Environment/SpeedTree/Palm/Palm_Desktop Materials/LOD1/Fronds_2.mat using Guid(654a2c1b911b36647b211a44a46e6d09) Importer(815301076,1909f56bfc062723c751e8b465ee728b)  -> (artifact id: '897c348f6fb17dbedc4c2fab73e35867') in 0.037036 seconds 
========================================================================
Received Import Request.
  Time since last request: 0.000030 seconds.
  path: Assets/Fantasy Skybox FREE/Cubemaps/Classic/FS000_Day_02.mat
  artifactKey: Guid(fa95802f80bd745cfb5e9c89f7e22341) Importer(815301076,1909f56bfc062723c751e8b465ee728b)
Start importing Assets/Fantasy Skybox FREE/Cubemaps/Classic/FS000_Day_02.mat using Guid(fa95802f80bd745cfb5e9c89f7e22341) Importer(815301076,1909f56bfc062723c751e8b465ee728b)  -> (artifact id: '290b7b6a777a4b1c73e6700c7637c349') in 0.035073 seconds 
========================================================================
Received Import Request.
  Time since last request: 0.000029 seconds.
  path: Assets/Fantasy Skybox FREE/Cubemaps/Classic/FS000_Day_05_Sunless.mat
  artifactKey: Guid(eea6dc32b86944868a305f6c94f8d7e4) Importer(815301076,1909f56bfc062723c751e8b465ee728b)
Start importing Assets/Fantasy Skybox FREE/Cubemaps/Classic/FS000_Day_05_Sunless.mat using Guid(eea6dc32b86944868a305f6c94f8d7e4) Importer(815301076,1909f56bfc062723c751e8b465ee728b)  -> (artifact id: '2397cbd05848dfcce2dab2256620af47') in 0.038067 seconds 
========================================================================
Received Import Request.
  Time since last request: 0.000031 seconds.
  path: Assets/Models/Standard Assets/Environment/SpeedTree/Palm/Palm_Desktop Materials/LOD2/Branches_0.mat
  artifactKey: Guid(5c6bda52f548c164381f24c22067e446) Importer(815301076,1909f56bfc062723c751e8b465ee728b)
Start importing Assets/Models/Standard Assets/Environment/SpeedTree/Palm/Palm_Desktop Materials/LOD2/Branches_0.mat using Guid(5c6bda52f548c164381f24c22067e446) Importer(815301076,1909f56bfc062723c751e8b465ee728b)  -> (artifact id: '83d5a9f284fe3ac9611cc831bea960e8') in 0.031218 seconds 
========================================================================
Received Import Request.
  Time since last request: 0.000026 seconds.
  path: Assets/Models/Standard Assets/Environment/SpeedTree/Broadleaf/Broadleaf_Desktop Materials/LOD1/Branches_0.mat
  artifactKey: Guid(4be5b19d42487c24f830c4ee36849a95) Importer(815301076,1909f56bfc062723c751e8b465ee728b)
Start importing Assets/Models/Standard Assets/Environment/SpeedTree/Broadleaf/Broadleaf_Desktop Materials/LOD1/Branches_0.mat using Guid(4be5b19d42487c24f830c4ee36849a95) Importer(815301076,1909f56bfc062723c751e8b465ee728b)  -> (artifact id: '8b7ae43cf13e2ebe4d7bf0fa40dc0ad4') in 0.030260 seconds 
========================================================================
Received Import Request.
  Time since last request: 0.000046 seconds.
  path: Assets/Fantasy Skybox FREE/Cubemaps/Classic/FS000_Day_06.mat
  artifactKey: Guid(123caa41e84e041d0bd65bb3ae888dd1) Importer(815301076,1909f56bfc062723c751e8b465ee728b)
Start importing Assets/Fantasy Skybox FREE/Cubemaps/Classic/FS000_Day_06.mat using Guid(123caa41e84e041d0bd65bb3ae888dd1) Importer(815301076,1909f56bfc062723c751e8b465ee728b)  -> (artifact id: 'cc78eb6a04271470246cdd6350f3dd30') in 0.034451 seconds 
========================================================================
Received Import Request.
  Time since last request: 0.000033 seconds.
  path: Assets/Models/Standard Assets/Environment/SpeedTree/Conifer/Conifer_Desktop Materials/LOD1/Branches_0.mat
  artifactKey: Guid(54ee8e39b634b6d45aae528b6b24e879) Importer(815301076,1909f56bfc062723c751e8b465ee728b)
Start importing Assets/Models/Standard Assets/Environment/SpeedTree/Conifer/Conifer_Desktop Materials/LOD1/Branches_0.mat using Guid(54ee8e39b634b6d45aae528b6b24e879) Importer(815301076,1909f56bfc062723c751e8b465ee728b)  -> (artifact id: '00cccb9dc7c636dff6d912aec90970ed') in 0.048515 seconds 
========================================================================
Received Import Request.
  Time since last request: 0.000033 seconds.
  path: Assets/Models/BrokenVector/LowPolyTreePack/Materials/Fall.mat
  artifactKey: Guid(a62e8da5194101042a4d89028ef6f912) Importer(815301076,1909f56bfc062723c751e8b465ee728b)
Start importing Assets/Models/BrokenVector/LowPolyTreePack/Materials/Fall.mat using Guid(a62e8da5194101042a4d89028ef6f912) Importer(815301076,1909f56bfc062723c751e8b465ee728b)  -> (artifact id: '0828d9b173c884b46434bfa6a96c2db3') in 0.034003 seconds 
========================================================================
Received Import Request.
  Time since last request: 0.000074 seconds.
  path: Assets/Models/Standard Assets/Environment/SpeedTree/Palm/Palm_Desktop Materials/LOD0/Fronds_2.mat
  artifactKey: Guid(1cb3f0c5c8637644dae1816a674f7e10) Importer(815301076,1909f56bfc062723c751e8b465ee728b)
Start importing Assets/Models/Standard Assets/Environment/SpeedTree/Palm/Palm_Desktop Materials/LOD0/Fronds_2.mat using Guid(1cb3f0c5c8637644dae1816a674f7e10) Importer(815301076,1909f56bfc062723c751e8b465ee728b)  -> (artifact id: '732d2f167441c8f063980ad6b091adfc') in 0.028640 seconds 
========================================================================
Received Import Request.
  Time since last request: 0.000020 seconds.
  path: Assets/Fantasy Skybox FREE/Cubemaps/Classic/FS000_Day_03.mat
  artifactKey: Guid(33ab377b49aa14f6fae6e5bac230a5d4) Importer(815301076,1909f56bfc062723c751e8b465ee728b)
Start importing Assets/Fantasy Skybox FREE/Cubemaps/Classic/FS000_Day_03.mat using Guid(33ab377b49aa14f6fae6e5bac230a5d4) Importer(815301076,1909f56bfc062723c751e8b465ee728b)  -> (artifact id: 'f7e3d955285d3218a56760cc4db8caa5') in 0.029478 seconds 
========================================================================
Received Import Request.
  Time since last request: 0.000036 seconds.
  path: Assets/Models/Standard Assets/Environment/SpeedTree/Broadleaf/Broadleaf_Desktop Materials/LOD0/Branches_1.mat
  artifactKey: Guid(e621ee108fde15148a5e4b4ab67667b9) Importer(815301076,1909f56bfc062723c751e8b465ee728b)
Start importing Assets/Models/Standard Assets/Environment/SpeedTree/Broadleaf/Broadleaf_Desktop Materials/LOD0/Branches_1.mat using Guid(e621ee108fde15148a5e4b4ab67667b9) Importer(815301076,1909f56bfc062723c751e8b465ee728b)  -> (artifact id: '812841b4e699ed0297eb6d058fa5201d') in 0.033128 seconds 
========================================================================
Received Import Request.
  Time since last request: 0.000072 seconds.
  path: Assets/Models/Standard Assets/Environment/SpeedTree/Broadleaf/Broadleaf_Mobile Materials/LOD2/Branches_0.mat
  artifactKey: Guid(cd764ab8662bea6468202df8741bcfd3) Importer(815301076,1909f56bfc062723c751e8b465ee728b)
Start importing Assets/Models/Standard Assets/Environment/SpeedTree/Broadleaf/Broadleaf_Mobile Materials/LOD2/Branches_0.mat using Guid(cd764ab8662bea6468202df8741bcfd3) Importer(815301076,1909f56bfc062723c751e8b465ee728b)  -> (artifact id: 'c32b08ca0f3967356886d9f38ac59b87') in 0.047900 seconds 
========================================================================
Received Import Request.
  Time since last request: 0.000036 seconds.
  path: Assets/Models/Standard Assets/Environment/SpeedTree/Broadleaf/Broadleaf_Desktop Materials/LOD1/Branches_1.mat
  artifactKey: Guid(97ad51f0a4aed0a4289f5462ce6dc18f) Importer(815301076,1909f56bfc062723c751e8b465ee728b)
Start importing Assets/Models/Standard Assets/Environment/SpeedTree/Broadleaf/Broadleaf_Desktop Materials/LOD1/Branches_1.mat using Guid(97ad51f0a4aed0a4289f5462ce6dc18f) Importer(815301076,1909f56bfc062723c751e8b465ee728b)  -> (artifact id: '72578b671dd61188f3b6a70a914233d4') in 0.038984 seconds 
========================================================================
Received Import Request.
  Time since last request: 0.000028 seconds.
  path: Assets/Fantasy Skybox FREE/Cubemaps/Classic/FS000_Day_02_Sunless.mat
  artifactKey: Guid(99a400087584f4263b1a8979d6007ad4) Importer(815301076,1909f56bfc062723c751e8b465ee728b)
Start importing Assets/Fantasy Skybox FREE/Cubemaps/Classic/FS000_Day_02_Sunless.mat using Guid(99a400087584f4263b1a8979d6007ad4) Importer(815301076,1909f56bfc062723c751e8b465ee728b)  -> (artifact id: '9d745d7231e122eb3619ef82d1b050cb') in 0.037831 seconds 
========================================================================
Received Import Request.
  Time since last request: 0.000022 seconds.
  path: Assets/Fantasy Skybox FREE/Cubemaps/Classic/FS000_Day_05.mat
  artifactKey: Guid(e11f5b66aad75483b8cd16ee18a0c917) Importer(815301076,1909f56bfc062723c751e8b465ee728b)
Start importing Assets/Fantasy Skybox FREE/Cubemaps/Classic/FS000_Day_05.mat using Guid(e11f5b66aad75483b8cd16ee18a0c917) Importer(815301076,1909f56bfc062723c751e8b465ee728b)  -> (artifact id: 'c4a0b7cc9129093c4600892ce31cccc4') in 0.030177 seconds 
========================================================================
Received Import Request.
  Time since last request: 0.000019 seconds.
  path: Assets/Models/Standard Assets/Environment/SpeedTree/Palm/Palm_Desktop Materials/LOD0/Branches_0.mat
  artifactKey: Guid(39baceec69bb1ee4fb4194d50e1a6d10) Importer(815301076,1909f56bfc062723c751e8b465ee728b)
Start importing Assets/Models/Standard Assets/Environment/SpeedTree/Palm/Palm_Desktop Materials/LOD0/Branches_0.mat using Guid(39baceec69bb1ee4fb4194d50e1a6d10) Importer(815301076,1909f56bfc062723c751e8b465ee728b)  -> (artifact id: '59a5840b2222da2d6f586d5c18462d7b') in 0.028040 seconds 
========================================================================
Received Import Request.
  Time since last request: 0.000038 seconds.
  path: Assets/Fantasy Skybox FREE/Cubemaps/Classic/FS000_Day_04.mat
  artifactKey: Guid(1700716a8dd8948cf8c66ea34a2786d5) Importer(815301076,1909f56bfc062723c751e8b465ee728b)
Start importing Assets/Fantasy Skybox FREE/Cubemaps/Classic/FS000_Day_04.mat using Guid(1700716a8dd8948cf8c66ea34a2786d5) Importer(815301076,1909f56bfc062723c751e8b465ee728b)  -> (artifact id: '981420df279f688e68aa18957cef2ec7') in 0.032412 seconds 
========================================================================
Received Import Request.
  Time since last request: 0.000034 seconds.
  path: Assets/Models/Standard Assets/Environment/SpeedTree/Broadleaf/Broadleaf_Desktop Materials/LOD2/FacingLeaves_4.mat
  artifactKey: Guid(d5222114580affc49a2af92470232e23) Importer(815301076,1909f56bfc062723c751e8b465ee728b)
Start importing Assets/Models/Standard Assets/Environment/SpeedTree/Broadleaf/Broadleaf_Desktop Materials/LOD2/FacingLeaves_4.mat using Guid(d5222114580affc49a2af92470232e23) Importer(815301076,1909f56bfc062723c751e8b465ee728b)  -> (artifact id: 'a5a042ce727d0feda2634f8a40533162') in 0.037633 seconds 
========================================================================
Received Import Request.
  Time since last request: 0.000031 seconds.
  path: Assets/Models/Standard Assets/Environment/SpeedTree/Conifer/Conifer_Desktop Materials/LOD2/Branches_0.mat
  artifactKey: Guid(dffa6c1325fd30b41819f03be58b91e7) Importer(815301076,1909f56bfc062723c751e8b465ee728b)
Start importing Assets/Models/Standard Assets/Environment/SpeedTree/Conifer/Conifer_Desktop Materials/LOD2/Branches_0.mat using Guid(dffa6c1325fd30b41819f03be58b91e7) Importer(815301076,1909f56bfc062723c751e8b465ee728b)  -> (artifact id: 'bc54730e66f00d19da6ccf0f8c5d24f5') in 0.027096 seconds 
========================================================================
Received Import Request.
  Time since last request: 0.000029 seconds.
  path: Assets/Models/BrokenVector/LowPolyTreePack/Materials/Cold.mat
  artifactKey: Guid(d945c681c4504df439962c1a6f33d8af) Importer(815301076,1909f56bfc062723c751e8b465ee728b)
Start importing Assets/Models/BrokenVector/LowPolyTreePack/Materials/Cold.mat using Guid(d945c681c4504df439962c1a6f33d8af) Importer(815301076,1909f56bfc062723c751e8b465ee728b)  -> (artifact id: 'ac25b410af97d3ff556a718b7e8f35c9') in 0.033073 seconds 
========================================================================
Received Import Request.
  Time since last request: 0.000026 seconds.
  path: Assets/Models/Standard Assets/Environment/SpeedTree/Palm/Palm_Desktop Materials/Billboard.mat
  artifactKey: Guid(6e680dda9368db5418f19388474277a2) Importer(815301076,1909f56bfc062723c751e8b465ee728b)
Start importing Assets/Models/Standard Assets/Environment/SpeedTree/Palm/Palm_Desktop Materials/Billboard.mat using Guid(6e680dda9368db5418f19388474277a2) Importer(815301076,1909f56bfc062723c751e8b465ee728b)  -> (artifact id: 'f7d1395c7f2cc2d0409d4cb774a9b597') in 0.029197 seconds 
========================================================================
Received Import Request.
  Time since last request: 0.000022 seconds.
  path: Assets/Models/Standard Assets/Environment/SpeedTree/Broadleaf/Broadleaf_Desktop Materials/LOD0/FacingLeaves_4.mat
  artifactKey: Guid(d5b20def9c5c05748a01627738b94531) Importer(815301076,1909f56bfc062723c751e8b465ee728b)
Start importing Assets/Models/Standard Assets/Environment/SpeedTree/Broadleaf/Broadleaf_Desktop Materials/LOD0/FacingLeaves_4.mat using Guid(d5b20def9c5c05748a01627738b94531) Importer(815301076,1909f56bfc062723c751e8b465ee728b)  -> (artifact id: '80e1f140948ae4da670522e302155e73') in 0.028726 seconds 
========================================================================
Received Import Request.
  Time since last request: 0.000019 seconds.
  path: Assets/Models/BrokenVector/LowPolyTreePack/Materials/Dry.mat
  artifactKey: Guid(894583d895d58b444b8e8b67169bd2a4) Importer(815301076,1909f56bfc062723c751e8b465ee728b)
Start importing Assets/Models/BrokenVector/LowPolyTreePack/Materials/Dry.mat using Guid(894583d895d58b444b8e8b67169bd2a4) Importer(815301076,1909f56bfc062723c751e8b465ee728b)  -> (artifact id: '1083d818ece1bedffdb48fa7143b1269') in 0.031212 seconds 
========================================================================
Received Import Request.
  Time since last request: 0.000021 seconds.
  path: Assets/Models/Standard Assets/Environment/SpeedTree/Broadleaf/Broadleaf_Desktop Materials/LOD2/Fronds_2.mat
  artifactKey: Guid(ee0b78d572fcec249860ad38970b7888) Importer(815301076,1909f56bfc062723c751e8b465ee728b)
Start importing Assets/Models/Standard Assets/Environment/SpeedTree/Broadleaf/Broadleaf_Desktop Materials/LOD2/Fronds_2.mat using Guid(ee0b78d572fcec249860ad38970b7888) Importer(815301076,1909f56bfc062723c751e8b465ee728b)  -> (artifact id: 'e7b325a71768d9af35b528a3add62359') in 0.029251 seconds 
========================================================================
Received Import Request.
  Time since last request: 0.000026 seconds.
  path: Assets/Models/Standard Assets/Environment/SpeedTree/Broadleaf/Broadleaf_Desktop Materials/LOD0/Branches_0.mat
  artifactKey: Guid(89bc4a04979629642988a379a429608a) Importer(815301076,1909f56bfc062723c751e8b465ee728b)
Start importing Assets/Models/Standard Assets/Environment/SpeedTree/Broadleaf/Broadleaf_Desktop Materials/LOD0/Branches_0.mat using Guid(89bc4a04979629642988a379a429608a) Importer(815301076,1909f56bfc062723c751e8b465ee728b)  -> (artifact id: '0e2cdddb82abfe9f4adaa54386f2e8b0') in 0.029193 seconds 
========================================================================
Received Import Request.
  Time since last request: 0.000037 seconds.
  path: Assets/Fantasy Skybox FREE/Cubemaps/Classic/FS000_Day_01.mat
  artifactKey: Guid(12ccb828343c3405fb94289774b51aad) Importer(815301076,1909f56bfc062723c751e8b465ee728b)
Start importing Assets/Fantasy Skybox FREE/Cubemaps/Classic/FS000_Day_01.mat using Guid(12ccb828343c3405fb94289774b51aad) Importer(815301076,1909f56bfc062723c751e8b465ee728b)  -> (artifact id: 'de042714ec05c5c99e0f36539481d81d') in 0.040284 seconds 
========================================================================
Received Import Request.
  Time since last request: 0.000029 seconds.
  path: Assets/Models/Standard Assets/Environment/SpeedTree/Palm/Palm_Desktop Materials/LOD0/Branches_1.mat
  artifactKey: Guid(fa40ba727cdc90245aac11f0ff5ead8e) Importer(815301076,1909f56bfc062723c751e8b465ee728b)
Start importing Assets/Models/Standard Assets/Environment/SpeedTree/Palm/Palm_Desktop Materials/LOD0/Branches_1.mat using Guid(fa40ba727cdc90245aac11f0ff5ead8e) Importer(815301076,1909f56bfc062723c751e8b465ee728b)  -> (artifact id: '49656bbc86038e5f8387bf4c5b1de348') in 0.033539 seconds 
========================================================================
Received Import Request.
  Time since last request: 0.000028 seconds.
  path: Assets/Fantasy Skybox FREE/Cubemaps/Classic/FS000_Night_02.mat
  artifactKey: Guid(8202c457dff32486ba5ae1f2f548d983) Importer(815301076,1909f56bfc062723c751e8b465ee728b)
Start importing Assets/Fantasy Skybox FREE/Cubemaps/Classic/FS000_Night_02.mat using Guid(8202c457dff32486ba5ae1f2f548d983) Importer(815301076,1909f56bfc062723c751e8b465ee728b)  -> (artifact id: 'ab62b433e54d5662963f2b0a4f092d4b') in 0.034138 seconds 
========================================================================
Received Import Request.
  Time since last request: 0.000024 seconds.
  path: Assets/Models/Standard Assets/Environment/SpeedTree/Conifer/Conifer_Desktop Materials/LOD2/Branches_1.mat
  artifactKey: Guid(57df284b8a7c87b4894ac5f9c86e0be9) Importer(815301076,1909f56bfc062723c751e8b465ee728b)
Start importing Assets/Models/Standard Assets/Environment/SpeedTree/Conifer/Conifer_Desktop Materials/LOD2/Branches_1.mat using Guid(57df284b8a7c87b4894ac5f9c86e0be9) Importer(815301076,1909f56bfc062723c751e8b465ee728b)  -> (artifact id: 'a06ca0114c22d087703b000bfc40a290') in 0.036123 seconds 
========================================================================
Received Import Request.
  Time since last request: 0.000032 seconds.
  path: Assets/Models/Standard Assets/Environment/SpeedTree/Conifer/Conifer_Desktop Materials/LOD0/Branches_0.mat
  artifactKey: Guid(d4880c932a8e12b48a3039233e9634a0) Importer(815301076,1909f56bfc062723c751e8b465ee728b)
Start importing Assets/Models/Standard Assets/Environment/SpeedTree/Conifer/Conifer_Desktop Materials/LOD0/Branches_0.mat using Guid(d4880c932a8e12b48a3039233e9634a0) Importer(815301076,1909f56bfc062723c751e8b465ee728b)  -> (artifact id: '6f8eaf9f65045d578504df27e7a8ff96') in 0.042495 seconds 
========================================================================
Received Import Request.
  Time since last request: 0.000033 seconds.
  path: Assets/Fantasy Skybox FREE/Cubemaps/Classic/FS000_Night_01.mat
  artifactKey: Guid(ab675e6698bde46fd87143fb0d7580cb) Importer(815301076,1909f56bfc062723c751e8b465ee728b)
Start importing Assets/Fantasy Skybox FREE/Cubemaps/Classic/FS000_Night_01.mat using Guid(ab675e6698bde46fd87143fb0d7580cb) Importer(815301076,1909f56bfc062723c751e8b465ee728b)  -> (artifact id: '97e8cf7291d52f89a0b9b3606a97c066') in 0.032671 seconds 
========================================================================
Received Import Request.
  Time since last request: 0.000052 seconds.
  path: Assets/Models/Standard Assets/Environment/SpeedTree/Conifer/Conifer_Desktop Materials/Billboard.mat
  artifactKey: Guid(e625f56663597ef4899f86b588b4d506) Importer(815301076,1909f56bfc062723c751e8b465ee728b)
Start importing Assets/Models/Standard Assets/Environment/SpeedTree/Conifer/Conifer_Desktop Materials/Billboard.mat using Guid(e625f56663597ef4899f86b588b4d506) Importer(815301076,1909f56bfc062723c751e8b465ee728b)  -> (artifact id: '6187e3b8cbe26ef52ed3decb731770e0') in 0.054134 seconds 
========================================================================
Received Import Request.
  Time since last request: 0.000034 seconds.
  path: Assets/Models/Standard Assets/Environment/SpeedTree/Conifer/Conifer_Desktop Materials/LOD0/Fronds_2.mat
  artifactKey: Guid(0aa00c0212e047047aa5a1ce93b07f49) Importer(815301076,1909f56bfc062723c751e8b465ee728b)
Start importing Assets/Models/Standard Assets/Environment/SpeedTree/Conifer/Conifer_Desktop Materials/LOD0/Fronds_2.mat using Guid(0aa00c0212e047047aa5a1ce93b07f49) Importer(815301076,1909f56bfc062723c751e8b465ee728b)  -> (artifact id: 'fb45da00d98007fdd6a6c336d9a77fec') in 0.032889 seconds 
========================================================================
Received Import Request.
  Time since last request: 0.000031 seconds.
  path: Assets/Fantasy Skybox FREE/Cubemaps/Classic/FS000_Night_02_Moonless.mat
  artifactKey: Guid(94caf2ba4ca5e46bfaba53afcc8778dd) Importer(815301076,1909f56bfc062723c751e8b465ee728b)
Start importing Assets/Fantasy Skybox FREE/Cubemaps/Classic/FS000_Night_02_Moonless.mat using Guid(94caf2ba4ca5e46bfaba53afcc8778dd) Importer(815301076,1909f56bfc062723c751e8b465ee728b)  -> (artifact id: 'bc80cd21642971aed4a90afca28d4622') in 0.033552 seconds 
========================================================================
Received Import Request.
  Time since last request: 0.000024 seconds.
  path: Assets/TextMesh Pro/Fonts/LiberationSans.ttf
  artifactKey: Guid(e3265ab4bf004d28a9537516768c1c75) Importer(815301076,1909f56bfc062723c751e8b465ee728b)
Start importing Assets/TextMesh Pro/Fonts/LiberationSans.ttf using Guid(e3265ab4bf004d28a9537516768c1c75) Importer(815301076,1909f56bfc062723c751e8b465ee728b)  -> (artifact id: 'f3bd036785823e2281556a384dd6489b') in 0.070865 seconds 
========================================================================
Received Import Request.
  Time since last request: 0.000033 seconds.
  path: Assets/Models/Standard Assets/Environment/SpeedTree/Broadleaf/Broadleaf_Desktop Materials/Billboard.mat
  artifactKey: Guid(d68104aea3d1d084385a1acc7c896247) Importer(815301076,1909f56bfc062723c751e8b465ee728b)
Start importing Assets/Models/Standard Assets/Environment/SpeedTree/Broadleaf/Broadleaf_Desktop Materials/Billboard.mat using Guid(d68104aea3d1d084385a1acc7c896247) Importer(815301076,1909f56bfc062723c751e8b465ee728b)  -> (artifact id: '0166b71d7254bd0ad38bf1ad062a4c16') in 0.037255 seconds 
========================================================================
Received Import Request.
  Time since last request: 0.000029 seconds.
  path: Assets/Models/Standard Assets/Environment/SpeedTree/Broadleaf/Broadleaf_Desktop Materials/LOD2/Branches_0.mat
  artifactKey: Guid(b0d5705176a0d36419d034e2ea46491a) Importer(815301076,1909f56bfc062723c751e8b465ee728b)
Start importing Assets/Models/Standard Assets/Environment/SpeedTree/Broadleaf/Broadleaf_Desktop Materials/LOD2/Branches_0.mat using Guid(b0d5705176a0d36419d034e2ea46491a) Importer(815301076,1909f56bfc062723c751e8b465ee728b)  -> (artifact id: '6f93844fb53389b321fcf836bff8c3dc') in 0.033411 seconds 
========================================================================
Received Import Request.
  Time since last request: 0.000060 seconds.
  path: Assets/Fantasy Skybox FREE/Cubemaps/Classic/FS000_Night_03_Moonless.mat
  artifactKey: Guid(42dc3b9b0dd2040fc9ef0182fdea0e50) Importer(815301076,1909f56bfc062723c751e8b465ee728b)
Start importing Assets/Fantasy Skybox FREE/Cubemaps/Classic/FS000_Night_03_Moonless.mat using Guid(42dc3b9b0dd2040fc9ef0182fdea0e50) Importer(815301076,1909f56bfc062723c751e8b465ee728b)  -> (artifact id: '03720bde37498affec751b26ec6448af') in 0.041574 seconds 
========================================================================
Received Import Request.
  Time since last request: 0.000035 seconds.
  path: Assets/Models/Standard Assets/Environment/SpeedTree/Broadleaf/Broadleaf_Mobile Materials/LOD0/Branches_0.mat
  artifactKey: Guid(bfc1dabf45016eb46b99df1a78054924) Importer(815301076,1909f56bfc062723c751e8b465ee728b)
Start importing Assets/Models/Standard Assets/Environment/SpeedTree/Broadleaf/Broadleaf_Mobile Materials/LOD0/Branches_0.mat using Guid(bfc1dabf45016eb46b99df1a78054924) Importer(815301076,1909f56bfc062723c751e8b465ee728b)  -> (artifact id: 'ba1463e60ea6bf05bdc0607f8c0942f4') in 0.029786 seconds 
========================================================================
Received Import Request.
  Time since last request: 0.000030 seconds.
  path: Assets/Fantasy Skybox FREE
  artifactKey: Guid(4127e9b28f787024783ef45dcca5ac66) Importer(815301076,1909f56bfc062723c751e8b465ee728b)
Start importing Assets/Fantasy Skybox FREE using Guid(4127e9b28f787024783ef45dcca5ac66) Importer(815301076,1909f56bfc062723c751e8b465ee728b)  -> (artifact id: '5f65218329bdde2cd5cf01cb82f99b82') in 0.015564 seconds 
========================================================================
Received Import Request.
  Time since last request: 0.000031 seconds.
  path: Assets/Models/Standard Assets/Environment/SpeedTree/Conifer/Conifer_Desktop Materials/LOD1/Branches_1.mat
  artifactKey: Guid(fecc9f713338e4943a8c38775af8c046) Importer(815301076,1909f56bfc062723c751e8b465ee728b)
Start importing Assets/Models/Standard Assets/Environment/SpeedTree/Conifer/Conifer_Desktop Materials/LOD1/Branches_1.mat using Guid(fecc9f713338e4943a8c38775af8c046) Importer(815301076,1909f56bfc062723c751e8b465ee728b)  -> (artifact id: '922780eaece6f93b34b4787bb9f17298') in 0.032116 seconds 
========================================================================
Received Import Request.
  Time since last request: 0.000020 seconds.
  path: Assets/Models/Standard Assets/Environment/SpeedTree/Broadleaf/Broadleaf_Desktop Materials/LOD0/Fronds_2.mat
  artifactKey: Guid(e6a8e6ae86a5b904eb64f573f145ecde) Importer(815301076,1909f56bfc062723c751e8b465ee728b)
Start importing Assets/Models/Standard Assets/Environment/SpeedTree/Broadleaf/Broadleaf_Desktop Materials/LOD0/Fronds_2.mat using Guid(e6a8e6ae86a5b904eb64f573f145ecde) Importer(815301076,1909f56bfc062723c751e8b465ee728b)  -> (artifact id: '7d087ca9dee3808494023dbe68ff4b12') in 0.032722 seconds 
========================================================================
Received Import Request.
  Time since last request: 0.000024 seconds.
  path: Assets/Fantasy Skybox FREE/Cubemaps/Classic/FS000_Day_01_Sunless.mat
  artifactKey: Guid(d48a7646f5d0547e889733d84b50cb9f) Importer(815301076,1909f56bfc062723c751e8b465ee728b)
Start importing Assets/Fantasy Skybox FREE/Cubemaps/Classic/FS000_Day_01_Sunless.mat using Guid(d48a7646f5d0547e889733d84b50cb9f) Importer(815301076,1909f56bfc062723c751e8b465ee728b)  -> (artifact id: '4f2d8e33258f35666a9e77694804fdbd') in 0.029529 seconds 
========================================================================
Received Import Request.
  Time since last request: 0.000022 seconds.
  path: Assets/Fantasy Skybox FREE/Cubemaps/Classic/FS000_Night_03.mat
  artifactKey: Guid(f8a60d169ab8a46b09c9b01a3e51601f) Importer(815301076,1909f56bfc062723c751e8b465ee728b)
Start importing Assets/Fantasy Skybox FREE/Cubemaps/Classic/FS000_Night_03.mat using Guid(f8a60d169ab8a46b09c9b01a3e51601f) Importer(815301076,1909f56bfc062723c751e8b465ee728b)  -> (artifact id: '7559128cd5892ef44bef4aac4b181e1a') in 0.031058 seconds 
========================================================================
Received Import Request.
  Time since last request: 0.000029 seconds.
  path: Assets/Models/Standard Assets/Environment/SpeedTree/Conifer/Conifer_Desktop Materials/LOD0/Branches_1.mat
  artifactKey: Guid(fdb77c3917027234db7a7792019eda2e) Importer(815301076,1909f56bfc062723c751e8b465ee728b)
Start importing Assets/Models/Standard Assets/Environment/SpeedTree/Conifer/Conifer_Desktop Materials/LOD0/Branches_1.mat using Guid(fdb77c3917027234db7a7792019eda2e) Importer(815301076,1909f56bfc062723c751e8b465ee728b)  -> (artifact id: 'ad44f1bbcc1256dabf1824b0dffd09cf') in 0.044805 seconds 
========================================================================
Received Import Request.
  Time since last request: 0.000036 seconds.
  path: Assets/Models/Standard Assets/Environment/SpeedTree/Broadleaf/Broadleaf_Desktop Materials/LOD1/FacingLeaves_4.mat
  artifactKey: Guid(9938463bcd729fe41b4937cb6d2d692b) Importer(815301076,1909f56bfc062723c751e8b465ee728b)
Start importing Assets/Models/Standard Assets/Environment/SpeedTree/Broadleaf/Broadleaf_Desktop Materials/LOD1/FacingLeaves_4.mat using Guid(9938463bcd729fe41b4937cb6d2d692b) Importer(815301076,1909f56bfc062723c751e8b465ee728b)  -> (artifact id: 'ea79f3478912d3ffc3eacb4c3d6b8115') in 0.049060 seconds 
========================================================================
Received Import Request.
  Time since last request: 34.724758 seconds.
  path: Assets/New Material.mat
  artifactKey: Guid(a6996e4ac7cb5fb42a01d68c83c96185) Importer(815301076,1909f56bfc062723c751e8b465ee728b)
Start importing Assets/New Material.mat using Guid(a6996e4ac7cb5fb42a01d68c83c96185) Importer(815301076,1909f56bfc062723c751e8b465ee728b)  -> (artifact id: '83cf994f11bbf2321411f4c4684dccfd') in 0.025977 seconds 
========================================================================
Received Import Request.
  Time since last request: 11.283639 seconds.
  path: Assets/New Material.mat
  artifactKey: Guid(a6996e4ac7cb5fb42a01d68c83c96185) Importer(815301076,1909f56bfc062723c751e8b465ee728b)
Start importing Assets/New Material.mat using Guid(a6996e4ac7cb5fb42a01d68c83c96185) Importer(815301076,1909f56bfc062723c751e8b465ee728b)  -> (artifact id: 'c0249aa70019dcd08b0e0d9250a940f8') in 0.208306 seconds 
